C:\USERS\ADMINISTRATOR\DOCUMENTS\VISUAL STUDIO 2010\PROJECTS\JSON_STRUCT\JSON_STRUCT\BIN\JSTRUCTHELPERGUI.EXE
C:\Users\Administrator\Documents\Visual Studio 2010\Projects\json_struct\json_struct\jstruct\..\bin\jstructhelpergui.pdb
C:\USERS\ADMINISTRATOR\DOCUMENTS\VISUAL STUDIO 2010\PROJECTS\JSON_STRUCT\JSON_STRUCT\JSTRUCTHELPERGUI\DEBUG\ALIGN.OBJ
C:\Users\Administrator\Documents\Visual Studio 2010\Projects\json_struct\json_struct\jstructhelpergui\Debug\cl.command.1.tlog
C:\Users\Administrator\Documents\Visual Studio 2010\Projects\json_struct\json_struct\jstructhelpergui\Debug\CL.read.1.tlog
C:\Users\Administrator\Documents\Visual Studio 2010\Projects\json_struct\json_struct\jstructhelpergui\Debug\CL.write.1.tlog
C:\Users\Administrator\Documents\Visual Studio 2010\Projects\json_struct\json_struct\jstructhelpergui\Debug\custombuild.command.1.tlog
C:\Users\Administrator\Documents\Visual Studio 2010\Projects\json_struct\json_struct\jstructhelpergui\Debug\custombuild.read.1.tlog
C:\Users\Administrator\Documents\Visual Studio 2010\Projects\json_struct\json_struct\jstructhelpergui\Debug\custombuild.write.1.tlog
C:\Users\Administrator\Documents\Visual Studio 2010\Projects\json_struct\json_struct\jstructhelpergui\Debug\jstructhelpergui.exe.intermediate.manifest
C:\USERS\ADMINISTRATOR\DOCUMENTS\VISUAL STUDIO 2010\PROJECTS\JSON_STRUCT\JSON_STRUCT\JSTRUCTHELPERGUI\DEBUG\JSTRUCTHELPERGUI.OBJ
C:\USERS\ADMINISTRATOR\DOCUMENTS\VISUAL STUDIO 2010\PROJECTS\JSON_STRUCT\JSON_STRUCT\JSTRUCTHELPERGUI\DEBUG\JSTRUCTHELPERGUI.RES
C:\Users\Administrator\Documents\Visual Studio 2010\Projects\json_struct\json_struct\jstructhelpergui\Debug\jstructhelpergui.write.1.tlog
C:\Users\Administrator\Documents\Visual Studio 2010\Projects\json_struct\json_struct\jstructhelpergui\Debug\link.command.1.tlog
C:\Users\Administrator\Documents\Visual Studio 2010\Projects\json_struct\json_struct\jstructhelpergui\Debug\link.read.1.tlog
C:\Users\Administrator\Documents\Visual Studio 2010\Projects\json_struct\json_struct\jstructhelpergui\Debug\link.write.1.tlog
C:\Users\Administrator\Documents\Visual Studio 2010\Projects\json_struct\json_struct\jstructhelpergui\Debug\link-cvtres.read.1.tlog
C:\Users\Administrator\Documents\Visual Studio 2010\Projects\json_struct\json_struct\jstructhelpergui\Debug\link-cvtres.write.1.tlog
C:\USERS\ADMINISTRATOR\DOCUMENTS\VISUAL STUDIO 2010\PROJECTS\JSON_STRUCT\JSON_STRUCT\JSTRUCTHELPERGUI\DEBUG\MAIN.OBJ
C:\USERS\ADMINISTRATOR\DOCUMENTS\VISUAL STUDIO 2010\PROJECTS\JSON_STRUCT\JSON_STRUCT\JSTRUCTHELPERGUI\DEBUG\MOC_JSTRUCTHELPERGUI.OBJ
C:\Users\Administrator\Documents\Visual Studio 2010\Projects\json_struct\json_struct\jstructhelpergui\Debug\mt.command.1.tlog
C:\Users\Administrator\Documents\Visual Studio 2010\Projects\json_struct\json_struct\jstructhelpergui\Debug\mt.read.1.tlog
C:\Users\Administrator\Documents\Visual Studio 2010\Projects\json_struct\json_struct\jstructhelpergui\Debug\mt.write.1.tlog
C:\USERS\ADMINISTRATOR\DOCUMENTS\VISUAL STUDIO 2010\PROJECTS\JSON_STRUCT\JSON_STRUCT\JSTRUCTHELPERGUI\DEBUG\QRC_JSTRUCTHELPERGUI.OBJ
C:\Users\Administrator\Documents\Visual Studio 2010\Projects\json_struct\json_struct\jstructhelpergui\Debug\rc.command.1.tlog
C:\Users\Administrator\Documents\Visual Studio 2010\Projects\json_struct\json_struct\jstructhelpergui\Debug\rc.read.1.tlog
C:\Users\Administrator\Documents\Visual Studio 2010\Projects\json_struct\json_struct\jstructhelpergui\Debug\rc.write.1.tlog
C:\USERS\ADMINISTRATOR\DOCUMENTS\VISUAL STUDIO 2010\PROJECTS\JSON_STRUCT\JSON_STRUCT\JSTRUCTHELPERGUI\DEBUG\VC100.PDB
C:\USERS\ADMINISTRATOR\DOCUMENTS\VISUAL STUDIO 2010\PROJECTS\JSON_STRUCT\JSON_STRUCT\JSTRUCTHELPERGUI\GENERATEDFILES\DEBUG\MOC_JSTRUCTHELPERGUI.CPP
C:\USERS\ADMINISTRATOR\DOCUMENTS\VISUAL STUDIO 2010\PROJECTS\JSON_STRUCT\JSON_STRUCT\JSTRUCTHELPERGUI\GENERATEDFILES\QRC_JSTRUCTHELPERGUI.CPP
C:\USERS\ADMINISTRATOR\DOCUMENTS\VISUAL STUDIO 2010\PROJECTS\JSON_STRUCT\JSON_STRUCT\JSTRUCTHELPERGUI\GENERATEDFILES\UI_JSTRUCTHELPERGUI.H
